2023-11-20 10:33:32,606 INFO  [org.jboss.modules] (main) JBoss Modules version 1.5.2.Final
2023-11-20 10:33:33,424 INFO  [org.jboss.msc] (main) JBoss MSC version 1.2.6.Final
2023-11-20 10:33:33,496 INFO  [org.jboss.as] (MSC service thread 1-6) WFLYSRV0049: WildFly Full 10.1.0.Final (WildFly Core 2.2.0.Final) starting
2023-11-20 10:33:33,497 DEBUG [org.jboss.as.config] (MSC service thread 1-6) Configured system properties:
	awt.toolkit = sun.awt.windows.WToolkit
	file.encoding = Cp1252
	file.encoding.pkg = sun.io
	file.separator = \
	java.awt.graphicsenv = sun.awt.Win32GraphicsEnvironment
	java.awt.printerjob = sun.awt.windows.WPrinterJob
	java.class.path = C:\Users\RAD\Downloads\wildfly-10.1.0.Final\wildfly-10.1.0.Final\jboss-modules.jar
	java.class.version = 52.0
	java.endorsed.dirs = C:\Users\RAD\.jdks\corretto-1.8.0_362\jre\lib\endorsed
	java.ext.dirs = C:\Users\RAD\.jdks\corretto-1.8.0_362\jre\lib\ext;C:\WINDOWS\Sun\Java\lib\ext
	java.home = C:\Users\RAD\.jdks\corretto-1.8.0_362\jre
	java.io.tmpdir = C:\Users\RAD\AppData\Local\Temp\
	java.library.path = C:\Users\RAD\.jdks\corretto-1.8.0_362\jre\bin;C:\WINDOWS\Sun\Java\bin;C:\WINDOWS\system32;C:\WINDOWS;C:\Program Files (x86)\VMware\VMware Player\bin\;C:\Program Files\Amazon Corretto\jdk17.0.7_7\bin;C:\Program Files\Java\jdk-11.0.7\bin;C:\Program Files\Common Files\Oracle\Java\javapath;C:\Program Files (x86)\Common Files\Oracle\Java\javapath;C:\Windows\system32;C:\Windows;C:\Windows\System32\Wbem;C:\Windows\System32\WindowsPowerShell\v1.0\;C:\Windows\System32\OpenSSH\;C:\Program Files (x86)\NVIDIA Corporation\PhysX\Common;C:\Program Files\NVIDIA Corporation\NVIDIA NvDLISR;C:\WINDOWS\system32;C:\WINDOWS;C:\WINDOWS\System32\Wbem;C:\WINDOWS\System32\WindowsPowerShell\v1.0\;C:\WINDOWS\System32\OpenSSH\;C:\Program Files\Git\cmd;C:\Users\RAD\AppData\Roaming\nvm;C:\Program Files\nodejs;C:\Program Files\gs\gs10.01.1\bin;C:\Users\RAD\AppData\Local\Microsoft\WindowsApps;C:\Users\RAD\AppData\Roaming\nvm;C:\Program Files\nodejs;C:\Users\RAD\AppData\Local\Programs\Microsoft VS Code\bin;C:\Program Files\Docker\Docker\resources\bin;C:\Program Files (x86)\Tesseract-OCR;C:\Users\RAD\.cargo\bin;C:\Users\RAD\scoop\shims;C:\Program Files\MySQL\MySQL Shell 8.0\bin\;%USERPROFILE%\AppData\Local\Microsoft\WindowsApps;%NVM_HOME%;%NVM_SYMLINK%;C:\Users\RAD\AppData\Local\Programs\Microsoft VS Code\bin;D://UnLockCatch/tools/vcruntime;;.
	java.runtime.name = OpenJDK Runtime Environment
	java.runtime.version = 1.8.0_362-b08
	java.specification.maintenance.version = 4
	java.specification.name = Java Platform API Specification
	java.specification.vendor = Oracle Corporation
	java.specification.version = 1.8
	java.util.logging.manager = org.jboss.logmanager.LogManager
	java.vendor = Amazon.com Inc.
	java.vendor.url = https://aws.amazon.com/corretto/
	java.vendor.url.bug = https://github.com/corretto/corretto-8/issues/
	java.version = 1.8.0_362
	java.vm.info = mixed mode
	java.vm.name = OpenJDK 64-Bit Server VM
	java.vm.specification.name = Java Virtual Machine Specification
	java.vm.specification.vendor = Oracle Corporation
	java.vm.specification.version = 1.8
	java.vm.vendor = Amazon.com Inc.
	java.vm.version = 25.362-b08
	javax.xml.datatype.DatatypeFactory = __redirected.__DatatypeFactory
	javax.xml.parsers.DocumentBuilderFactory = __redirected.__DocumentBuilderFactory
	javax.xml.parsers.SAXParserFactory = __redirected.__SAXParserFactory
	javax.xml.stream.XMLEventFactory = __redirected.__XMLEventFactory
	javax.xml.stream.XMLInputFactory = __redirected.__XMLInputFactory
	javax.xml.stream.XMLOutputFactory = __redirected.__XMLOutputFactory
	javax.xml.transform.TransformerFactory = __redirected.__TransformerFactory
	javax.xml.validation.SchemaFactory:http://www.w3.org/2001/XMLSchema = __redirected.__SchemaFactory
	javax.xml.xpath.XPathFactory:http://java.sun.com/jaxp/xpath/dom = __redirected.__XPathFactory
	jboss.bind.address = 127.0.0.1
	jboss.home.dir = C:\Users\RAD\Downloads\wildfly-10.1.0.Final\wildfly-10.1.0.Final
	jboss.host.name = laptop-m1l8qme1
	jboss.modules.dir = C:\Users\RAD\Downloads\wildfly-10.1.0.Final\wildfly-10.1.0.Final\modules
	jboss.node.name = laptop-m1l8qme1
	jboss.prev.home.dir = C:\Users\RAD\Downloads\wildfly-10.1.0.Final\wildfly-10.1.0.Final
	jboss.qualified.host.name = laptop-m1l8qme1
	jboss.server.base.dir = C:\Users\RAD\Desktop\ENEL\ejb-remote1\target\cargo\configurations\wildfly10x
	jboss.server.config.dir = C:\Users\RAD\Desktop\ENEL\ejb-remote1\target\cargo\configurations\wildfly10x\configuration
	jboss.server.data.dir = C:\Users\RAD\Desktop\ENEL\ejb-remote1\target\cargo\configurations\wildfly10x\data
	jboss.server.deploy.dir = C:\Users\RAD\Desktop\ENEL\ejb-remote1\target\cargo\configurations\wildfly10x\content
	jboss.server.log.dir = C:\Users\RAD\Desktop\ENEL\ejb-remote1\target\cargo\configurations\wildfly10x\log
	jboss.server.name = laptop-m1l8qme1
	jboss.server.persist.config = true
	jboss.server.temp.dir = C:\Users\RAD\Desktop\ENEL\ejb-remote1\target\cargo\configurations\wildfly10x\tmp
	line.separator = 

	logging.configuration = file:/C:/Users/RAD/Desktop/ENEL/ejb-remote1/target/cargo/configurations/wildfly10x/configuration/logging.properties
	module.path = C:\Users\RAD\Downloads\wildfly-10.1.0.Final\wildfly-10.1.0.Final\modules
	org.jboss.boot.log.file = C:\Users\RAD\Downloads\wildfly-10.1.0.Final\wildfly-10.1.0.Final\standalone\log\server.log
	org.jboss.resolver.warning = true
	org.xml.sax.driver = __redirected.__XMLReaderFactory
	os.arch = amd64
	os.name = Windows 11
	os.version = 10.0
	path.separator = ;
	sun.arch.data.model = 64
	sun.boot.class.path = C:\Users\RAD\.jdks\corretto-1.8.0_362\jre\lib\resources.jar;C:\Users\RAD\.jdks\corretto-1.8.0_362\jre\lib\rt.jar;C:\Users\RAD\.jdks\corretto-1.8.0_362\jre\lib\sunrsasign.jar;C:\Users\RAD\.jdks\corretto-1.8.0_362\jre\lib\jsse.jar;C:\Users\RAD\.jdks\corretto-1.8.0_362\jre\lib\jce.jar;C:\Users\RAD\.jdks\corretto-1.8.0_362\jre\lib\charsets.jar;C:\Users\RAD\.jdks\corretto-1.8.0_362\jre\lib\jfr.jar;C:\Users\RAD\.jdks\corretto-1.8.0_362\jre\classes
	sun.boot.library.path = C:\Users\RAD\.jdks\corretto-1.8.0_362\jre\bin
	sun.cpu.endian = little
	sun.cpu.isalist = amd64
	sun.desktop = windows
	sun.io.unicode.encoding = UnicodeLittle
	sun.java.command = C:\Users\RAD\Downloads\wildfly-10.1.0.Final\wildfly-10.1.0.Final\jboss-modules.jar -mp C:\Users\RAD\Downloads\wildfly-10.1.0.Final\wildfly-10.1.0.Final\modules org.jboss.as.cli --file=C:\Users\RAD\AppData\Local\Temp\wildfly-2418118771244943150.cli
	sun.java.launcher = SUN_STANDARD
	sun.jnu.encoding = Cp1252
	sun.management.compiler = HotSpot 64-Bit Tiered Compilers
	sun.os.patch.level = 
	user.country = IT
	user.dir = C:\Users\RAD\Desktop\ENEL\ejb-remote1\target\cargo\configurations\wildfly10x
	user.home = C:\Users\RAD
	user.language = it
	user.name = RAD
	user.script = 
	user.timezone = Europe/Berlin
	user.variant = 
2023-11-20 10:33:33,498 DEBUG [org.jboss.as.config] (MSC service thread 1-6) VM Arguments: -Dorg.jboss.boot.log.file=C:\Users\RAD\Desktop\ENEL\ejb-remote1\target\cargo\configurations\wildfly10x/log/boot.log -Dlogging.configuration=file:/C:/Users/RAD/Desktop/ENEL/ejb-remote1/target/cargo/configurations/wildfly10x/configuration/logging.properties -Djboss.home.dir=C:\Users\RAD\Downloads\wildfly-10.1.0.Final\wildfly-10.1.0.Final -Djboss.server.base.dir=C:\Users\RAD\Desktop\ENEL\ejb-remote1\target\cargo\configurations\wildfly10x -Djboss.server.config.dir=C:\Users\RAD\Desktop\ENEL\ejb-remote1\target\cargo\configurations\wildfly10x\configuration -Djboss.server.data.dir=C:\Users\RAD\Desktop\ENEL\ejb-remote1\target\cargo\configurations\wildfly10x\data -Djboss.server.log.dir=C:\Users\RAD\Desktop\ENEL\ejb-remote1\target\cargo\configurations\wildfly10x\log -Djboss.server.temp.dir=C:\Users\RAD\Desktop\ENEL\ejb-remote1\target\cargo\configurations\wildfly10x\tmp -Djboss.server.deploy.dir=C:\Users\RAD\Desktop\ENEL\ejb-remote1\target\cargo\configurations\wildfly10x\content -Djboss.bind.address=127.0.0.1 
2023-11-20 10:33:39,060 WARN  [org.jboss.as.domain.management.security] (MSC service thread 1-7) WFLYDM0111: Keystore C:\Users\RAD\Desktop\ENEL\ejb-remote1\target\cargo\configurations\wildfly10x\configuration\application.keystore not found, it will be auto generated on first use with a self signed certificate for host localhost
2023-11-20 10:33:39,139 INFO  [org.jboss.as] (Controller Boot Thread) WFLYSRV0025: WildFly Full 10.1.0.Final (WildFly Core 2.2.0.Final) started in 6526ms - Started 37 of 54 services (25 services are lazy, passive or on-demand)
2023-11-20 10:33:39,314 INFO  [org.jboss.as] (MSC service thread 1-6) WFLYSRV0050: WildFly Full 10.1.0.Final (WildFly Core 2.2.0.Final) stopped in 9ms
2023-11-20 10:44:58,709 INFO  [org.jboss.modules] (main) JBoss Modules version 1.5.2.Final
2023-11-20 10:44:58,758 INFO  [org.jboss.msc] (main) JBoss MSC version 1.2.6.Final
2023-11-20 10:44:58,808 INFO  [org.jboss.as] (MSC service thread 1-7) WFLYSRV0049: WildFly Full 10.1.0.Final (WildFly Core 2.2.0.Final) starting
2023-11-20 10:44:58,808 DEBUG [org.jboss.as.config] (MSC service thread 1-7) Configured system properties:
	awt.toolkit = sun.awt.windows.WToolkit
	file.encoding = Cp1252
	file.encoding.pkg = sun.io
	file.separator = \
	java.awt.graphicsenv = sun.awt.Win32GraphicsEnvironment
	java.awt.printerjob = sun.awt.windows.WPrinterJob
	java.class.path = C:\Users\RAD\Downloads\wildfly-10.1.0.Final\wildfly-10.1.0.Final\jboss-modules.jar
	java.class.version = 52.0
	java.endorsed.dirs = C:\Users\RAD\.jdks\corretto-1.8.0_362\jre\lib\endorsed
	java.ext.dirs = C:\Users\RAD\.jdks\corretto-1.8.0_362\jre\lib\ext;C:\WINDOWS\Sun\Java\lib\ext
	java.home = C:\Users\RAD\.jdks\corretto-1.8.0_362\jre
	java.io.tmpdir = C:\Users\RAD\AppData\Local\Temp\
	java.library.path = C:\Users\RAD\.jdks\corretto-1.8.0_362\jre\bin;C:\WINDOWS\Sun\Java\bin;C:\WINDOWS\system32;C:\WINDOWS;C:\Program Files (x86)\VMware\VMware Player\bin\;C:\Program Files\Amazon Corretto\jdk17.0.7_7\bin;C:\Program Files\Java\jdk-11.0.7\bin;C:\Program Files\Common Files\Oracle\Java\javapath;C:\Program Files (x86)\Common Files\Oracle\Java\javapath;C:\Windows\system32;C:\Windows;C:\Windows\System32\Wbem;C:\Windows\System32\WindowsPowerShell\v1.0\;C:\Windows\System32\OpenSSH\;C:\Program Files (x86)\NVIDIA Corporation\PhysX\Common;C:\Program Files\NVIDIA Corporation\NVIDIA NvDLISR;C:\WINDOWS\system32;C:\WINDOWS;C:\WINDOWS\System32\Wbem;C:\WINDOWS\System32\WindowsPowerShell\v1.0\;C:\WINDOWS\System32\OpenSSH\;C:\Program Files\Git\cmd;C:\Users\RAD\AppData\Roaming\nvm;C:\Program Files\nodejs;C:\Program Files\gs\gs10.01.1\bin;C:\Users\RAD\AppData\Local\Microsoft\WindowsApps;C:\Users\RAD\AppData\Roaming\nvm;C:\Program Files\nodejs;C:\Users\RAD\AppData\Local\Programs\Microsoft VS Code\bin;C:\Program Files\Docker\Docker\resources\bin;C:\Program Files (x86)\Tesseract-OCR;C:\Users\RAD\.cargo\bin;C:\Users\RAD\scoop\shims;C:\Program Files\MySQL\MySQL Shell 8.0\bin\;%USERPROFILE%\AppData\Local\Microsoft\WindowsApps;%NVM_HOME%;%NVM_SYMLINK%;C:\Users\RAD\AppData\Local\Programs\Microsoft VS Code\bin;D://UnLockCatch/tools/vcruntime;;.
	java.runtime.name = OpenJDK Runtime Environment
	java.runtime.version = 1.8.0_362-b08
	java.specification.maintenance.version = 4
	java.specification.name = Java Platform API Specification
	java.specification.vendor = Oracle Corporation
	java.specification.version = 1.8
	java.util.logging.manager = org.jboss.logmanager.LogManager
	java.vendor = Amazon.com Inc.
	java.vendor.url = https://aws.amazon.com/corretto/
	java.vendor.url.bug = https://github.com/corretto/corretto-8/issues/
	java.version = 1.8.0_362
	java.vm.info = mixed mode
	java.vm.name = OpenJDK 64-Bit Server VM
	java.vm.specification.name = Java Virtual Machine Specification
	java.vm.specification.vendor = Oracle Corporation
	java.vm.specification.version = 1.8
	java.vm.vendor = Amazon.com Inc.
	java.vm.version = 25.362-b08
	javax.xml.datatype.DatatypeFactory = __redirected.__DatatypeFactory
	javax.xml.parsers.DocumentBuilderFactory = __redirected.__DocumentBuilderFactory
	javax.xml.parsers.SAXParserFactory = __redirected.__SAXParserFactory
	javax.xml.stream.XMLEventFactory = __redirected.__XMLEventFactory
	javax.xml.stream.XMLInputFactory = __redirected.__XMLInputFactory
	javax.xml.stream.XMLOutputFactory = __redirected.__XMLOutputFactory
	javax.xml.transform.TransformerFactory = __redirected.__TransformerFactory
	javax.xml.validation.SchemaFactory:http://www.w3.org/2001/XMLSchema = __redirected.__SchemaFactory
	javax.xml.xpath.XPathFactory:http://java.sun.com/jaxp/xpath/dom = __redirected.__XPathFactory
	jboss.bind.address = 127.0.0.1
	jboss.home.dir = C:\Users\RAD\Downloads\wildfly-10.1.0.Final\wildfly-10.1.0.Final
	jboss.host.name = laptop-m1l8qme1
	jboss.modules.dir = C:\Users\RAD\Downloads\wildfly-10.1.0.Final\wildfly-10.1.0.Final\modules
	jboss.node.name = laptop-m1l8qme1
	jboss.prev.home.dir = C:\Users\RAD\Downloads\wildfly-10.1.0.Final\wildfly-10.1.0.Final
	jboss.qualified.host.name = laptop-m1l8qme1
	jboss.server.base.dir = C:\Users\RAD\Desktop\ENEL\ejb-remote1\target\cargo\configurations\wildfly10x
	jboss.server.config.dir = C:\Users\RAD\Desktop\ENEL\ejb-remote1\target\cargo\configurations\wildfly10x\configuration
	jboss.server.data.dir = C:\Users\RAD\Desktop\ENEL\ejb-remote1\target\cargo\configurations\wildfly10x\data
	jboss.server.deploy.dir = C:\Users\RAD\Desktop\ENEL\ejb-remote1\target\cargo\configurations\wildfly10x\content
	jboss.server.log.dir = C:\Users\RAD\Desktop\ENEL\ejb-remote1\target\cargo\configurations\wildfly10x\log
	jboss.server.name = laptop-m1l8qme1
	jboss.server.persist.config = true
	jboss.server.temp.dir = C:\Users\RAD\Desktop\ENEL\ejb-remote1\target\cargo\configurations\wildfly10x\tmp
	line.separator = 

	logging.configuration = file:/C:/Users/RAD/Desktop/ENEL/ejb-remote1/target/cargo/configurations/wildfly10x/configuration/logging.properties
	module.path = C:\Users\RAD\Downloads\wildfly-10.1.0.Final\wildfly-10.1.0.Final\modules
	org.jboss.boot.log.file = C:\Users\RAD\Downloads\wildfly-10.1.0.Final\wildfly-10.1.0.Final\standalone\log\server.log
	org.jboss.resolver.warning = true
	org.xml.sax.driver = __redirected.__XMLReaderFactory
	os.arch = amd64
	os.name = Windows 11
	os.version = 10.0
	path.separator = ;
	sun.arch.data.model = 64
	sun.boot.class.path = C:\Users\RAD\.jdks\corretto-1.8.0_362\jre\lib\resources.jar;C:\Users\RAD\.jdks\corretto-1.8.0_362\jre\lib\rt.jar;C:\Users\RAD\.jdks\corretto-1.8.0_362\jre\lib\sunrsasign.jar;C:\Users\RAD\.jdks\corretto-1.8.0_362\jre\lib\jsse.jar;C:\Users\RAD\.jdks\corretto-1.8.0_362\jre\lib\jce.jar;C:\Users\RAD\.jdks\corretto-1.8.0_362\jre\lib\charsets.jar;C:\Users\RAD\.jdks\corretto-1.8.0_362\jre\lib\jfr.jar;C:\Users\RAD\.jdks\corretto-1.8.0_362\jre\classes
	sun.boot.library.path = C:\Users\RAD\.jdks\corretto-1.8.0_362\jre\bin
	sun.cpu.endian = little
	sun.cpu.isalist = amd64
	sun.desktop = windows
	sun.io.unicode.encoding = UnicodeLittle
	sun.java.command = C:\Users\RAD\Downloads\wildfly-10.1.0.Final\wildfly-10.1.0.Final\jboss-modules.jar -mp C:\Users\RAD\Downloads\wildfly-10.1.0.Final\wildfly-10.1.0.Final\modules org.jboss.as.cli --file=C:\Users\RAD\AppData\Local\Temp\wildfly-6509932314235784880.cli
	sun.java.launcher = SUN_STANDARD
	sun.jnu.encoding = Cp1252
	sun.management.compiler = HotSpot 64-Bit Tiered Compilers
	sun.os.patch.level = 
	user.country = IT
	user.dir = C:\Users\RAD\Desktop\ENEL\ejb-remote1\target\cargo\configurations\wildfly10x
	user.home = C:\Users\RAD
	user.language = it
	user.name = RAD
	user.script = 
	user.timezone = Europe/Berlin
	user.variant = 
2023-11-20 10:44:58,809 DEBUG [org.jboss.as.config] (MSC service thread 1-7) VM Arguments: -Dorg.jboss.boot.log.file=C:\Users\RAD\Desktop\ENEL\ejb-remote1\target\cargo\configurations\wildfly10x/log/boot.log -Dlogging.configuration=file:/C:/Users/RAD/Desktop/ENEL/ejb-remote1/target/cargo/configurations/wildfly10x/configuration/logging.properties -Djboss.home.dir=C:\Users\RAD\Downloads\wildfly-10.1.0.Final\wildfly-10.1.0.Final -Djboss.server.base.dir=C:\Users\RAD\Desktop\ENEL\ejb-remote1\target\cargo\configurations\wildfly10x -Djboss.server.config.dir=C:\Users\RAD\Desktop\ENEL\ejb-remote1\target\cargo\configurations\wildfly10x\configuration -Djboss.server.data.dir=C:\Users\RAD\Desktop\ENEL\ejb-remote1\target\cargo\configurations\wildfly10x\data -Djboss.server.log.dir=C:\Users\RAD\Desktop\ENEL\ejb-remote1\target\cargo\configurations\wildfly10x\log -Djboss.server.temp.dir=C:\Users\RAD\Desktop\ENEL\ejb-remote1\target\cargo\configurations\wildfly10x\tmp -Djboss.server.deploy.dir=C:\Users\RAD\Desktop\ENEL\ejb-remote1\target\cargo\configurations\wildfly10x\content -Djboss.bind.address=127.0.0.1 
2023-11-20 10:44:59,550 WARN  [org.jboss.as.domain.management.security] (MSC service thread 1-2) WFLYDM0111: Keystore C:\Users\RAD\Desktop\ENEL\ejb-remote1\target\cargo\configurations\wildfly10x\configuration\application.keystore not found, it will be auto generated on first use with a self signed certificate for host localhost
2023-11-20 10:44:59,640 INFO  [org.jboss.as] (Controller Boot Thread) WFLYSRV0025: WildFly Full 10.1.0.Final (WildFly Core 2.2.0.Final) started in 929ms - Started 37 of 54 services (25 services are lazy, passive or on-demand)
2023-11-20 10:44:59,804 INFO  [org.jboss.as] (MSC service thread 1-3) WFLYSRV0050: WildFly Full 10.1.0.Final (WildFly Core 2.2.0.Final) stopped in 9ms
2023-11-20 10:49:45,251 INFO  [org.jboss.modules] (main) JBoss Modules version 1.5.2.Final
2023-11-20 10:49:45,303 INFO  [org.jboss.msc] (main) JBoss MSC version 1.2.6.Final
2023-11-20 10:49:45,353 INFO  [org.jboss.as] (MSC service thread 1-6) WFLYSRV0049: WildFly Full 10.1.0.Final (WildFly Core 2.2.0.Final) starting
2023-11-20 10:49:45,354 DEBUG [org.jboss.as.config] (MSC service thread 1-6) Configured system properties:
	awt.toolkit = sun.awt.windows.WToolkit
	file.encoding = Cp1252
	file.encoding.pkg = sun.io
	file.separator = \
	java.awt.graphicsenv = sun.awt.Win32GraphicsEnvironment
	java.awt.printerjob = sun.awt.windows.WPrinterJob
	java.class.path = C:\Users\RAD\Downloads\wildfly-10.1.0.Final\wildfly-10.1.0.Final\jboss-modules.jar
	java.class.version = 52.0
	java.endorsed.dirs = C:\Users\RAD\.jdks\corretto-1.8.0_362\jre\lib\endorsed
	java.ext.dirs = C:\Users\RAD\.jdks\corretto-1.8.0_362\jre\lib\ext;C:\WINDOWS\Sun\Java\lib\ext
	java.home = C:\Users\RAD\.jdks\corretto-1.8.0_362\jre
	java.io.tmpdir = C:\Users\RAD\AppData\Local\Temp\
	java.library.path = C:\Users\RAD\.jdks\corretto-1.8.0_362\jre\bin;C:\WINDOWS\Sun\Java\bin;C:\WINDOWS\system32;C:\WINDOWS;C:\Program Files (x86)\VMware\VMware Player\bin\;C:\Program Files\Amazon Corretto\jdk17.0.7_7\bin;C:\Program Files\Java\jdk-11.0.7\bin;C:\Program Files\Common Files\Oracle\Java\javapath;C:\Program Files (x86)\Common Files\Oracle\Java\javapath;C:\Windows\system32;C:\Windows;C:\Windows\System32\Wbem;C:\Windows\System32\WindowsPowerShell\v1.0\;C:\Windows\System32\OpenSSH\;C:\Program Files (x86)\NVIDIA Corporation\PhysX\Common;C:\Program Files\NVIDIA Corporation\NVIDIA NvDLISR;C:\WINDOWS\system32;C:\WINDOWS;C:\WINDOWS\System32\Wbem;C:\WINDOWS\System32\WindowsPowerShell\v1.0\;C:\WINDOWS\System32\OpenSSH\;C:\Program Files\Git\cmd;C:\Users\RAD\AppData\Roaming\nvm;C:\Program Files\nodejs;C:\Program Files\gs\gs10.01.1\bin;C:\Users\RAD\AppData\Local\Microsoft\WindowsApps;C:\Users\RAD\AppData\Roaming\nvm;C:\Program Files\nodejs;C:\Users\RAD\AppData\Local\Programs\Microsoft VS Code\bin;C:\Program Files\Docker\Docker\resources\bin;C:\Program Files (x86)\Tesseract-OCR;C:\Users\RAD\.cargo\bin;C:\Users\RAD\scoop\shims;C:\Program Files\MySQL\MySQL Shell 8.0\bin\;%USERPROFILE%\AppData\Local\Microsoft\WindowsApps;%NVM_HOME%;%NVM_SYMLINK%;C:\Users\RAD\AppData\Local\Programs\Microsoft VS Code\bin;D://UnLockCatch/tools/vcruntime;;.
	java.runtime.name = OpenJDK Runtime Environment
	java.runtime.version = 1.8.0_362-b08
	java.specification.maintenance.version = 4
	java.specification.name = Java Platform API Specification
	java.specification.vendor = Oracle Corporation
	java.specification.version = 1.8
	java.util.logging.manager = org.jboss.logmanager.LogManager
	java.vendor = Amazon.com Inc.
	java.vendor.url = https://aws.amazon.com/corretto/
	java.vendor.url.bug = https://github.com/corretto/corretto-8/issues/
	java.version = 1.8.0_362
	java.vm.info = mixed mode
	java.vm.name = OpenJDK 64-Bit Server VM
	java.vm.specification.name = Java Virtual Machine Specification
	java.vm.specification.vendor = Oracle Corporation
	java.vm.specification.version = 1.8
	java.vm.vendor = Amazon.com Inc.
	java.vm.version = 25.362-b08
	javax.xml.datatype.DatatypeFactory = __redirected.__DatatypeFactory
	javax.xml.parsers.DocumentBuilderFactory = __redirected.__DocumentBuilderFactory
	javax.xml.parsers.SAXParserFactory = __redirected.__SAXParserFactory
	javax.xml.stream.XMLEventFactory = __redirected.__XMLEventFactory
	javax.xml.stream.XMLInputFactory = __redirected.__XMLInputFactory
	javax.xml.stream.XMLOutputFactory = __redirected.__XMLOutputFactory
	javax.xml.transform.TransformerFactory = __redirected.__TransformerFactory
	javax.xml.validation.SchemaFactory:http://www.w3.org/2001/XMLSchema = __redirected.__SchemaFactory
	javax.xml.xpath.XPathFactory:http://java.sun.com/jaxp/xpath/dom = __redirected.__XPathFactory
	jboss.bind.address = 127.0.0.1
	jboss.home.dir = C:\Users\RAD\Downloads\wildfly-10.1.0.Final\wildfly-10.1.0.Final
	jboss.host.name = laptop-m1l8qme1
	jboss.modules.dir = C:\Users\RAD\Downloads\wildfly-10.1.0.Final\wildfly-10.1.0.Final\modules
	jboss.node.name = laptop-m1l8qme1
	jboss.prev.home.dir = C:\Users\RAD\Downloads\wildfly-10.1.0.Final\wildfly-10.1.0.Final
	jboss.qualified.host.name = laptop-m1l8qme1
	jboss.server.base.dir = C:\Users\RAD\Desktop\ENEL\ejb-remote1\target\cargo\configurations\wildfly10x
	jboss.server.config.dir = C:\Users\RAD\Desktop\ENEL\ejb-remote1\target\cargo\configurations\wildfly10x\configuration
	jboss.server.data.dir = C:\Users\RAD\Desktop\ENEL\ejb-remote1\target\cargo\configurations\wildfly10x\data
	jboss.server.deploy.dir = C:\Users\RAD\Desktop\ENEL\ejb-remote1\target\cargo\configurations\wildfly10x\content
	jboss.server.log.dir = C:\Users\RAD\Desktop\ENEL\ejb-remote1\target\cargo\configurations\wildfly10x\log
	jboss.server.name = laptop-m1l8qme1
	jboss.server.persist.config = true
	jboss.server.temp.dir = C:\Users\RAD\Desktop\ENEL\ejb-remote1\target\cargo\configurations\wildfly10x\tmp
	line.separator = 

	logging.configuration = file:/C:/Users/RAD/Desktop/ENEL/ejb-remote1/target/cargo/configurations/wildfly10x/configuration/logging.properties
	module.path = C:\Users\RAD\Downloads\wildfly-10.1.0.Final\wildfly-10.1.0.Final\modules
	org.jboss.boot.log.file = C:\Users\RAD\Downloads\wildfly-10.1.0.Final\wildfly-10.1.0.Final\standalone\log\server.log
	org.jboss.resolver.warning = true
	org.xml.sax.driver = __redirected.__XMLReaderFactory
	os.arch = amd64
	os.name = Windows 11
	os.version = 10.0
	path.separator = ;
	sun.arch.data.model = 64
	sun.boot.class.path = C:\Users\RAD\.jdks\corretto-1.8.0_362\jre\lib\resources.jar;C:\Users\RAD\.jdks\corretto-1.8.0_362\jre\lib\rt.jar;C:\Users\RAD\.jdks\corretto-1.8.0_362\jre\lib\sunrsasign.jar;C:\Users\RAD\.jdks\corretto-1.8.0_362\jre\lib\jsse.jar;C:\Users\RAD\.jdks\corretto-1.8.0_362\jre\lib\jce.jar;C:\Users\RAD\.jdks\corretto-1.8.0_362\jre\lib\charsets.jar;C:\Users\RAD\.jdks\corretto-1.8.0_362\jre\lib\jfr.jar;C:\Users\RAD\.jdks\corretto-1.8.0_362\jre\classes
	sun.boot.library.path = C:\Users\RAD\.jdks\corretto-1.8.0_362\jre\bin
	sun.cpu.endian = little
	sun.cpu.isalist = amd64
	sun.desktop = windows
	sun.io.unicode.encoding = UnicodeLittle
	sun.java.command = C:\Users\RAD\Downloads\wildfly-10.1.0.Final\wildfly-10.1.0.Final\jboss-modules.jar -mp C:\Users\RAD\Downloads\wildfly-10.1.0.Final\wildfly-10.1.0.Final\modules org.jboss.as.cli --file=C:\Users\RAD\AppData\Local\Temp\wildfly-652648624379478332.cli
	sun.java.launcher = SUN_STANDARD
	sun.jnu.encoding = Cp1252
	sun.management.compiler = HotSpot 64-Bit Tiered Compilers
	sun.os.patch.level = 
	user.country = IT
	user.dir = C:\Users\RAD\Desktop\ENEL\ejb-remote1\target\cargo\configurations\wildfly10x
	user.home = C:\Users\RAD
	user.language = it
	user.name = RAD
	user.script = 
	user.timezone = Europe/Berlin
	user.variant = 
2023-11-20 10:49:45,355 DEBUG [org.jboss.as.config] (MSC service thread 1-6) VM Arguments: -Dorg.jboss.boot.log.file=C:\Users\RAD\Desktop\ENEL\ejb-remote1\target\cargo\configurations\wildfly10x/log/boot.log -Dlogging.configuration=file:/C:/Users/RAD/Desktop/ENEL/ejb-remote1/target/cargo/configurations/wildfly10x/configuration/logging.properties -Djboss.home.dir=C:\Users\RAD\Downloads\wildfly-10.1.0.Final\wildfly-10.1.0.Final -Djboss.server.base.dir=C:\Users\RAD\Desktop\ENEL\ejb-remote1\target\cargo\configurations\wildfly10x -Djboss.server.config.dir=C:\Users\RAD\Desktop\ENEL\ejb-remote1\target\cargo\configurations\wildfly10x\configuration -Djboss.server.data.dir=C:\Users\RAD\Desktop\ENEL\ejb-remote1\target\cargo\configurations\wildfly10x\data -Djboss.server.log.dir=C:\Users\RAD\Desktop\ENEL\ejb-remote1\target\cargo\configurations\wildfly10x\log -Djboss.server.temp.dir=C:\Users\RAD\Desktop\ENEL\ejb-remote1\target\cargo\configurations\wildfly10x\tmp -Djboss.server.deploy.dir=C:\Users\RAD\Desktop\ENEL\ejb-remote1\target\cargo\configurations\wildfly10x\content -Djboss.bind.address=127.0.0.1 
2023-11-20 10:49:46,112 WARN  [org.jboss.as.domain.management.security] (MSC service thread 1-8) WFLYDM0111: Keystore C:\Users\RAD\Desktop\ENEL\ejb-remote1\target\cargo\configurations\wildfly10x\configuration\application.keystore not found, it will be auto generated on first use with a self signed certificate for host localhost
2023-11-20 10:49:46,201 INFO  [org.jboss.as] (Controller Boot Thread) WFLYSRV0025: WildFly Full 10.1.0.Final (WildFly Core 2.2.0.Final) started in 947ms - Started 37 of 54 services (25 services are lazy, passive or on-demand)
2023-11-20 10:49:46,363 INFO  [org.jboss.as] (MSC service thread 1-4) WFLYSRV0050: WildFly Full 10.1.0.Final (WildFly Core 2.2.0.Final) stopped in 8ms
2023-11-20 10:54:40,743 INFO  [org.jboss.modules] (main) JBoss Modules version 1.5.2.Final
2023-11-20 10:54:40,793 INFO  [org.jboss.msc] (main) JBoss MSC version 1.2.6.Final
2023-11-20 10:54:40,843 INFO  [org.jboss.as] (MSC service thread 1-7) WFLYSRV0049: WildFly Full 10.1.0.Final (WildFly Core 2.2.0.Final) starting
2023-11-20 10:54:40,843 DEBUG [org.jboss.as.config] (MSC service thread 1-7) Configured system properties:
	awt.toolkit = sun.awt.windows.WToolkit
	file.encoding = Cp1252
	file.encoding.pkg = sun.io
	file.separator = \
	java.awt.graphicsenv = sun.awt.Win32GraphicsEnvironment
	java.awt.printerjob = sun.awt.windows.WPrinterJob
	java.class.path = C:\Users\RAD\Downloads\wildfly-10.1.0.Final\wildfly-10.1.0.Final\jboss-modules.jar
	java.class.version = 52.0
	java.endorsed.dirs = C:\Users\RAD\.jdks\corretto-1.8.0_362\jre\lib\endorsed
	java.ext.dirs = C:\Users\RAD\.jdks\corretto-1.8.0_362\jre\lib\ext;C:\WINDOWS\Sun\Java\lib\ext
	java.home = C:\Users\RAD\.jdks\corretto-1.8.0_362\jre
	java.io.tmpdir = C:\Users\RAD\AppData\Local\Temp\
	java.library.path = C:\Users\RAD\.jdks\corretto-1.8.0_362\jre\bin;C:\WINDOWS\Sun\Java\bin;C:\WINDOWS\system32;C:\WINDOWS;C:\Program Files (x86)\VMware\VMware Player\bin\;C:\Program Files\Amazon Corretto\jdk17.0.7_7\bin;C:\Program Files\Java\jdk-11.0.7\bin;C:\Program Files\Common Files\Oracle\Java\javapath;C:\Program Files (x86)\Common Files\Oracle\Java\javapath;C:\Windows\system32;C:\Windows;C:\Windows\System32\Wbem;C:\Windows\System32\WindowsPowerShell\v1.0\;C:\Windows\System32\OpenSSH\;C:\Program Files (x86)\NVIDIA Corporation\PhysX\Common;C:\Program Files\NVIDIA Corporation\NVIDIA NvDLISR;C:\WINDOWS\system32;C:\WINDOWS;C:\WINDOWS\System32\Wbem;C:\WINDOWS\System32\WindowsPowerShell\v1.0\;C:\WINDOWS\System32\OpenSSH\;C:\Program Files\Git\cmd;C:\Users\RAD\AppData\Roaming\nvm;C:\Program Files\nodejs;C:\Program Files\gs\gs10.01.1\bin;C:\Users\RAD\AppData\Local\Microsoft\WindowsApps;C:\Users\RAD\AppData\Roaming\nvm;C:\Program Files\nodejs;C:\Users\RAD\AppData\Local\Programs\Microsoft VS Code\bin;C:\Program Files\Docker\Docker\resources\bin;C:\Program Files (x86)\Tesseract-OCR;C:\Users\RAD\.cargo\bin;C:\Users\RAD\scoop\shims;C:\Program Files\MySQL\MySQL Shell 8.0\bin\;%USERPROFILE%\AppData\Local\Microsoft\WindowsApps;%NVM_HOME%;%NVM_SYMLINK%;C:\Users\RAD\AppData\Local\Programs\Microsoft VS Code\bin;D://UnLockCatch/tools/vcruntime;;.
	java.runtime.name = OpenJDK Runtime Environment
	java.runtime.version = 1.8.0_362-b08
	java.specification.maintenance.version = 4
	java.specification.name = Java Platform API Specification
	java.specification.vendor = Oracle Corporation
	java.specification.version = 1.8
	java.util.logging.manager = org.jboss.logmanager.LogManager
	java.vendor = Amazon.com Inc.
	java.vendor.url = https://aws.amazon.com/corretto/
	java.vendor.url.bug = https://github.com/corretto/corretto-8/issues/
	java.version = 1.8.0_362
	java.vm.info = mixed mode
	java.vm.name = OpenJDK 64-Bit Server VM
	java.vm.specification.name = Java Virtual Machine Specification
	java.vm.specification.vendor = Oracle Corporation
	java.vm.specification.version = 1.8
	java.vm.vendor = Amazon.com Inc.
	java.vm.version = 25.362-b08
	javax.xml.datatype.DatatypeFactory = __redirected.__DatatypeFactory
	javax.xml.parsers.DocumentBuilderFactory = __redirected.__DocumentBuilderFactory
	javax.xml.parsers.SAXParserFactory = __redirected.__SAXParserFactory
	javax.xml.stream.XMLEventFactory = __redirected.__XMLEventFactory
	javax.xml.stream.XMLInputFactory = __redirected.__XMLInputFactory
	javax.xml.stream.XMLOutputFactory = __redirected.__XMLOutputFactory
	javax.xml.transform.TransformerFactory = __redirected.__TransformerFactory
	javax.xml.validation.SchemaFactory:http://www.w3.org/2001/XMLSchema = __redirected.__SchemaFactory
	javax.xml.xpath.XPathFactory:http://java.sun.com/jaxp/xpath/dom = __redirected.__XPathFactory
	jboss.bind.address = 127.0.0.1
	jboss.home.dir = C:\Users\RAD\Downloads\wildfly-10.1.0.Final\wildfly-10.1.0.Final
	jboss.host.name = laptop-m1l8qme1
	jboss.modules.dir = C:\Users\RAD\Downloads\wildfly-10.1.0.Final\wildfly-10.1.0.Final\modules
	jboss.node.name = laptop-m1l8qme1
	jboss.prev.home.dir = C:\Users\RAD\Downloads\wildfly-10.1.0.Final\wildfly-10.1.0.Final
	jboss.qualified.host.name = laptop-m1l8qme1
	jboss.server.base.dir = C:\Users\RAD\Desktop\ENEL\ejb-remote1\target\cargo\configurations\wildfly10x
	jboss.server.config.dir = C:\Users\RAD\Desktop\ENEL\ejb-remote1\target\cargo\configurations\wildfly10x\configuration
	jboss.server.data.dir = C:\Users\RAD\Desktop\ENEL\ejb-remote1\target\cargo\configurations\wildfly10x\data
	jboss.server.deploy.dir = C:\Users\RAD\Desktop\ENEL\ejb-remote1\target\cargo\configurations\wildfly10x\content
	jboss.server.log.dir = C:\Users\RAD\Desktop\ENEL\ejb-remote1\target\cargo\configurations\wildfly10x\log
	jboss.server.name = laptop-m1l8qme1
	jboss.server.persist.config = true
	jboss.server.temp.dir = C:\Users\RAD\Desktop\ENEL\ejb-remote1\target\cargo\configurations\wildfly10x\tmp
	line.separator = 

	logging.configuration = file:/C:/Users/RAD/Desktop/ENEL/ejb-remote1/target/cargo/configurations/wildfly10x/configuration/logging.properties
	module.path = C:\Users\RAD\Downloads\wildfly-10.1.0.Final\wildfly-10.1.0.Final\modules
	org.jboss.boot.log.file = C:\Users\RAD\Downloads\wildfly-10.1.0.Final\wildfly-10.1.0.Final\standalone\log\server.log
	org.jboss.resolver.warning = true
	org.xml.sax.driver = __redirected.__XMLReaderFactory
	os.arch = amd64
	os.name = Windows 11
	os.version = 10.0
	path.separator = ;
	sun.arch.data.model = 64
	sun.boot.class.path = C:\Users\RAD\.jdks\corretto-1.8.0_362\jre\lib\resources.jar;C:\Users\RAD\.jdks\corretto-1.8.0_362\jre\lib\rt.jar;C:\Users\RAD\.jdks\corretto-1.8.0_362\jre\lib\sunrsasign.jar;C:\Users\RAD\.jdks\corretto-1.8.0_362\jre\lib\jsse.jar;C:\Users\RAD\.jdks\corretto-1.8.0_362\jre\lib\jce.jar;C:\Users\RAD\.jdks\corretto-1.8.0_362\jre\lib\charsets.jar;C:\Users\RAD\.jdks\corretto-1.8.0_362\jre\lib\jfr.jar;C:\Users\RAD\.jdks\corretto-1.8.0_362\jre\classes
	sun.boot.library.path = C:\Users\RAD\.jdks\corretto-1.8.0_362\jre\bin
	sun.cpu.endian = little
	sun.cpu.isalist = amd64
	sun.desktop = windows
	sun.io.unicode.encoding = UnicodeLittle
	sun.java.command = C:\Users\RAD\Downloads\wildfly-10.1.0.Final\wildfly-10.1.0.Final\jboss-modules.jar -mp C:\Users\RAD\Downloads\wildfly-10.1.0.Final\wildfly-10.1.0.Final\modules org.jboss.as.cli --file=C:\Users\RAD\AppData\Local\Temp\wildfly-5077810142430967592.cli
	sun.java.launcher = SUN_STANDARD
	sun.jnu.encoding = Cp1252
	sun.management.compiler = HotSpot 64-Bit Tiered Compilers
	sun.os.patch.level = 
	user.country = IT
	user.dir = C:\Users\RAD\Desktop\ENEL\ejb-remote1\target\cargo\configurations\wildfly10x
	user.home = C:\Users\RAD
	user.language = it
	user.name = RAD
	user.script = 
	user.timezone = Europe/Berlin
	user.variant = 
2023-11-20 10:54:40,844 DEBUG [org.jboss.as.config] (MSC service thread 1-7) VM Arguments: -Dorg.jboss.boot.log.file=C:\Users\RAD\Desktop\ENEL\ejb-remote1\target\cargo\configurations\wildfly10x/log/boot.log -Dlogging.configuration=file:/C:/Users/RAD/Desktop/ENEL/ejb-remote1/target/cargo/configurations/wildfly10x/configuration/logging.properties -Djboss.home.dir=C:\Users\RAD\Downloads\wildfly-10.1.0.Final\wildfly-10.1.0.Final -Djboss.server.base.dir=C:\Users\RAD\Desktop\ENEL\ejb-remote1\target\cargo\configurations\wildfly10x -Djboss.server.config.dir=C:\Users\RAD\Desktop\ENEL\ejb-remote1\target\cargo\configurations\wildfly10x\configuration -Djboss.server.data.dir=C:\Users\RAD\Desktop\ENEL\ejb-remote1\target\cargo\configurations\wildfly10x\data -Djboss.server.log.dir=C:\Users\RAD\Desktop\ENEL\ejb-remote1\target\cargo\configurations\wildfly10x\log -Djboss.server.temp.dir=C:\Users\RAD\Desktop\ENEL\ejb-remote1\target\cargo\configurations\wildfly10x\tmp -Djboss.server.deploy.dir=C:\Users\RAD\Desktop\ENEL\ejb-remote1\target\cargo\configurations\wildfly10x\content -Djboss.bind.address=127.0.0.1 
2023-11-20 10:54:41,582 WARN  [org.jboss.as.domain.management.security] (MSC service thread 1-8) WFLYDM0111: Keystore C:\Users\RAD\Desktop\ENEL\ejb-remote1\target\cargo\configurations\wildfly10x\configuration\application.keystore not found, it will be auto generated on first use with a self signed certificate for host localhost
2023-11-20 10:54:41,676 INFO  [org.jboss.as] (Controller Boot Thread) WFLYSRV0025: WildFly Full 10.1.0.Final (WildFly Core 2.2.0.Final) started in 930ms - Started 37 of 54 services (25 services are lazy, passive or on-demand)
2023-11-20 10:54:41,840 INFO  [org.jboss.as] (MSC service thread 1-5) WFLYSRV0050: WildFly Full 10.1.0.Final (WildFly Core 2.2.0.Final) stopped in 7ms
2023-11-20 11:13:17,470 INFO  [org.jboss.modules] (main) JBoss Modules version 1.5.2.Final
2023-11-20 11:13:17,524 INFO  [org.jboss.msc] (main) JBoss MSC version 1.2.6.Final
2023-11-20 11:13:17,572 INFO  [org.jboss.as] (MSC service thread 1-7) WFLYSRV0049: WildFly Full 10.1.0.Final (WildFly Core 2.2.0.Final) starting
2023-11-20 11:13:17,573 DEBUG [org.jboss.as.config] (MSC service thread 1-7) Configured system properties:
	awt.toolkit = sun.awt.windows.WToolkit
	file.encoding = Cp1252
	file.encoding.pkg = sun.io
	file.separator = \
	java.awt.graphicsenv = sun.awt.Win32GraphicsEnvironment
	java.awt.printerjob = sun.awt.windows.WPrinterJob
	java.class.path = C:\Users\RAD\Downloads\wildfly-10.1.0.Final\wildfly-10.1.0.Final\jboss-modules.jar
	java.class.version = 52.0
	java.endorsed.dirs = C:\Users\RAD\.jdks\corretto-1.8.0_362\jre\lib\endorsed
	java.ext.dirs = C:\Users\RAD\.jdks\corretto-1.8.0_362\jre\lib\ext;C:\WINDOWS\Sun\Java\lib\ext
	java.home = C:\Users\RAD\.jdks\corretto-1.8.0_362\jre
	java.io.tmpdir = C:\Users\RAD\AppData\Local\Temp\
	java.library.path = C:\Users\RAD\.jdks\corretto-1.8.0_362\jre\bin;C:\WINDOWS\Sun\Java\bin;C:\WINDOWS\system32;C:\WINDOWS;C:\Program Files (x86)\VMware\VMware Player\bin\;C:\Program Files\Amazon Corretto\jdk17.0.7_7\bin;C:\Program Files\Java\jdk-11.0.7\bin;C:\Program Files\Common Files\Oracle\Java\javapath;C:\Program Files (x86)\Common Files\Oracle\Java\javapath;C:\Windows\system32;C:\Windows;C:\Windows\System32\Wbem;C:\Windows\System32\WindowsPowerShell\v1.0\;C:\Windows\System32\OpenSSH\;C:\Program Files (x86)\NVIDIA Corporation\PhysX\Common;C:\Program Files\NVIDIA Corporation\NVIDIA NvDLISR;C:\WINDOWS\system32;C:\WINDOWS;C:\WINDOWS\System32\Wbem;C:\WINDOWS\System32\WindowsPowerShell\v1.0\;C:\WINDOWS\System32\OpenSSH\;C:\Program Files\Git\cmd;C:\Users\RAD\AppData\Roaming\nvm;C:\Program Files\nodejs;C:\Program Files\gs\gs10.01.1\bin;C:\Users\RAD\AppData\Local\Microsoft\WindowsApps;C:\Users\RAD\AppData\Roaming\nvm;C:\Program Files\nodejs;C:\Users\RAD\AppData\Local\Programs\Microsoft VS Code\bin;C:\Program Files\Docker\Docker\resources\bin;C:\Program Files (x86)\Tesseract-OCR;C:\Users\RAD\.cargo\bin;C:\Users\RAD\scoop\shims;C:\Program Files\MySQL\MySQL Shell 8.0\bin\;%USERPROFILE%\AppData\Local\Microsoft\WindowsApps;%NVM_HOME%;%NVM_SYMLINK%;C:\Users\RAD\AppData\Local\Programs\Microsoft VS Code\bin;D://UnLockCatch/tools/vcruntime;;.
	java.runtime.name = OpenJDK Runtime Environment
	java.runtime.version = 1.8.0_362-b08
	java.specification.maintenance.version = 4
	java.specification.name = Java Platform API Specification
	java.specification.vendor = Oracle Corporation
	java.specification.version = 1.8
	java.util.logging.manager = org.jboss.logmanager.LogManager
	java.vendor = Amazon.com Inc.
	java.vendor.url = https://aws.amazon.com/corretto/
	java.vendor.url.bug = https://github.com/corretto/corretto-8/issues/
	java.version = 1.8.0_362
	java.vm.info = mixed mode
	java.vm.name = OpenJDK 64-Bit Server VM
	java.vm.specification.name = Java Virtual Machine Specification
	java.vm.specification.vendor = Oracle Corporation
	java.vm.specification.version = 1.8
	java.vm.vendor = Amazon.com Inc.
	java.vm.version = 25.362-b08
	javax.xml.datatype.DatatypeFactory = __redirected.__DatatypeFactory
	javax.xml.parsers.DocumentBuilderFactory = __redirected.__DocumentBuilderFactory
	javax.xml.parsers.SAXParserFactory = __redirected.__SAXParserFactory
	javax.xml.stream.XMLEventFactory = __redirected.__XMLEventFactory
	javax.xml.stream.XMLInputFactory = __redirected.__XMLInputFactory
	javax.xml.stream.XMLOutputFactory = __redirected.__XMLOutputFactory
	javax.xml.transform.TransformerFactory = __redirected.__TransformerFactory
	javax.xml.validation.SchemaFactory:http://www.w3.org/2001/XMLSchema = __redirected.__SchemaFactory
	javax.xml.xpath.XPathFactory:http://java.sun.com/jaxp/xpath/dom = __redirected.__XPathFactory
	jboss.bind.address = 127.0.0.1
	jboss.home.dir = C:\Users\RAD\Downloads\wildfly-10.1.0.Final\wildfly-10.1.0.Final
	jboss.host.name = laptop-m1l8qme1
	jboss.modules.dir = C:\Users\RAD\Downloads\wildfly-10.1.0.Final\wildfly-10.1.0.Final\modules
	jboss.node.name = laptop-m1l8qme1
	jboss.prev.home.dir = C:\Users\RAD\Downloads\wildfly-10.1.0.Final\wildfly-10.1.0.Final
	jboss.qualified.host.name = laptop-m1l8qme1
	jboss.server.base.dir = C:\Users\RAD\Desktop\ENEL\ejb-example\ejb-remote\target\cargo\configurations\wildfly10x
	jboss.server.config.dir = C:\Users\RAD\Desktop\ENEL\ejb-example\ejb-remote\target\cargo\configurations\wildfly10x\configuration
	jboss.server.data.dir = C:\Users\RAD\Desktop\ENEL\ejb-example\ejb-remote\target\cargo\configurations\wildfly10x\data
	jboss.server.deploy.dir = C:\Users\RAD\Desktop\ENEL\ejb-example\ejb-remote\target\cargo\configurations\wildfly10x\content
	jboss.server.log.dir = C:\Users\RAD\Desktop\ENEL\ejb-example\ejb-remote\target\cargo\configurations\wildfly10x\log
	jboss.server.name = laptop-m1l8qme1
	jboss.server.persist.config = true
	jboss.server.temp.dir = C:\Users\RAD\Desktop\ENEL\ejb-example\ejb-remote\target\cargo\configurations\wildfly10x\tmp
	line.separator = 

	logging.configuration = file:/C:/Users/RAD/Desktop/ENEL/ejb-example/ejb-remote/target/cargo/configurations/wildfly10x/configuration/logging.properties
	module.path = C:\Users\RAD\Downloads\wildfly-10.1.0.Final\wildfly-10.1.0.Final\modules
	org.jboss.boot.log.file = C:\Users\RAD\Downloads\wildfly-10.1.0.Final\wildfly-10.1.0.Final\standalone\log\server.log
	org.jboss.resolver.warning = true
	org.xml.sax.driver = __redirected.__XMLReaderFactory
	os.arch = amd64
	os.name = Windows 11
	os.version = 10.0
	path.separator = ;
	sun.arch.data.model = 64
	sun.boot.class.path = C:\Users\RAD\.jdks\corretto-1.8.0_362\jre\lib\resources.jar;C:\Users\RAD\.jdks\corretto-1.8.0_362\jre\lib\rt.jar;C:\Users\RAD\.jdks\corretto-1.8.0_362\jre\lib\sunrsasign.jar;C:\Users\RAD\.jdks\corretto-1.8.0_362\jre\lib\jsse.jar;C:\Users\RAD\.jdks\corretto-1.8.0_362\jre\lib\jce.jar;C:\Users\RAD\.jdks\corretto-1.8.0_362\jre\lib\charsets.jar;C:\Users\RAD\.jdks\corretto-1.8.0_362\jre\lib\jfr.jar;C:\Users\RAD\.jdks\corretto-1.8.0_362\jre\classes
	sun.boot.library.path = C:\Users\RAD\.jdks\corretto-1.8.0_362\jre\bin
	sun.cpu.endian = little
	sun.cpu.isalist = amd64
	sun.desktop = windows
	sun.io.unicode.encoding = UnicodeLittle
	sun.java.command = C:\Users\RAD\Downloads\wildfly-10.1.0.Final\wildfly-10.1.0.Final\jboss-modules.jar -mp C:\Users\RAD\Downloads\wildfly-10.1.0.Final\wildfly-10.1.0.Final\modules org.jboss.as.cli --file=C:\Users\RAD\AppData\Local\Temp\wildfly-8210888641205888485.cli
	sun.java.launcher = SUN_STANDARD
	sun.jnu.encoding = Cp1252
	sun.management.compiler = HotSpot 64-Bit Tiered Compilers
	sun.os.patch.level = 
	user.country = IT
	user.dir = C:\Users\RAD\Desktop\ENEL\ejb-example\ejb-remote\target\cargo\configurations\wildfly10x
	user.home = C:\Users\RAD
	user.language = it
	user.name = RAD
	user.script = 
	user.timezone = Europe/Berlin
	user.variant = 
2023-11-20 11:13:17,574 DEBUG [org.jboss.as.config] (MSC service thread 1-7) VM Arguments: -Dorg.jboss.boot.log.file=C:\Users\RAD\Desktop\ENEL\ejb-example\ejb-remote\target\cargo\configurations\wildfly10x/log/boot.log -Dlogging.configuration=file:/C:/Users/RAD/Desktop/ENEL/ejb-example/ejb-remote/target/cargo/configurations/wildfly10x/configuration/logging.properties -Djboss.home.dir=C:\Users\RAD\Downloads\wildfly-10.1.0.Final\wildfly-10.1.0.Final -Djboss.server.base.dir=C:\Users\RAD\Desktop\ENEL\ejb-example\ejb-remote\target\cargo\configurations\wildfly10x -Djboss.server.config.dir=C:\Users\RAD\Desktop\ENEL\ejb-example\ejb-remote\target\cargo\configurations\wildfly10x\configuration -Djboss.server.data.dir=C:\Users\RAD\Desktop\ENEL\ejb-example\ejb-remote\target\cargo\configurations\wildfly10x\data -Djboss.server.log.dir=C:\Users\RAD\Desktop\ENEL\ejb-example\ejb-remote\target\cargo\configurations\wildfly10x\log -Djboss.server.temp.dir=C:\Users\RAD\Desktop\ENEL\ejb-example\ejb-remote\target\cargo\configurations\wildfly10x\tmp -Djboss.server.deploy.dir=C:\Users\RAD\Desktop\ENEL\ejb-example\ejb-remote\target\cargo\configurations\wildfly10x\content -Djboss.bind.address=127.0.0.1 
2023-11-20 11:13:18,323 WARN  [org.jboss.as.domain.management.security] (MSC service thread 1-2) WFLYDM0111: Keystore C:\Users\RAD\Desktop\ENEL\ejb-example\ejb-remote\target\cargo\configurations\wildfly10x\configuration\application.keystore not found, it will be auto generated on first use with a self signed certificate for host localhost
2023-11-20 11:13:18,422 INFO  [org.jboss.as] (Controller Boot Thread) WFLYSRV0025: WildFly Full 10.1.0.Final (WildFly Core 2.2.0.Final) started in 949ms - Started 37 of 54 services (25 services are lazy, passive or on-demand)
2023-11-20 11:13:18,603 INFO  [org.jboss.as] (MSC service thread 1-5) WFLYSRV0050: WildFly Full 10.1.0.Final (WildFly Core 2.2.0.Final) stopped in 8ms
2023-11-20 11:49:51,722 WARN  [org.jboss.as.txn] (ServerService Thread Pool -- 60) WFLYTX0013: Node identifier property is set to the default value. Please make sure it is unique.
2023-11-20 11:49:51,724 INFO  [org.jboss.as.clustering.infinispan] (ServerService Thread Pool -- 41) WFLYCLINF0001: Activating Infinispan subsystem.
2023-11-20 11:49:51,761 INFO  [org.wildfly.iiop.openjdk] (ServerService Thread Pool -- 42) WFLYIIOP0001: Activating IIOP Subsystem
2023-11-20 11:49:51,762 INFO  [org.jboss.as.naming] (ServerService Thread Pool -- 52) WFLYNAM0001: Activating Naming Subsystem
2023-11-20 11:49:51,764 INFO  [org.jboss.as.webservices] (ServerService Thread Pool -- 62) WFLYWS0002: Activating WebServices Extension
2023-11-20 11:49:51,765 INFO  [org.jboss.as.security] (ServerService Thread Pool -- 59) WFLYSEC0002: Activating Security Subsystem
2023-11-20 11:49:51,768 INFO  [org.wildfly.extension.io] (ServerService Thread Pool -- 40) WFLYIO001: Worker 'default' has auto-configured to 32 core threads with 256 task threads based on your 16 available processors
2023-11-20 11:49:51,778 INFO  [org.jboss.as.security] (MSC service thread 1-4) WFLYSEC0001: Current PicketBox version=4.9.6.Final
2023-11-20 11:49:51,778 INFO  [org.jboss.as.jsf] (ServerService Thread Pool -- 48) WFLYJSF0007: Activated the following JSF Implementations: [main]
2023-11-20 11:49:51,798 INFO  [org.jboss.as.connector] (MSC service thread 1-7) WFLYJCA0009: Starting JCA Subsystem (WildFly/IronJacamar 1.3.4.Final)
2023-11-20 11:49:51,810 INFO  [org.wildfly.extension.undertow] (MSC service thread 1-2) WFLYUT0003: Undertow 1.4.0.Final starting
2023-11-20 11:49:51,817 INFO  [org.jboss.as.connector.subsystems.datasources] (ServerService Thread Pool -- 36) WFLYJCA0004: Deploying JDBC-compliant driver class org.h2.Driver (version 1.3)
2023-11-20 11:49:51,821 INFO  [org.jboss.as.connector.deployers.jdbc] (MSC service thread 1-4) WFLYJCA0018: Started Driver service with driver-name = h2
2023-11-20 11:49:51,833 INFO  [org.jboss.as.naming] (MSC service thread 1-4) WFLYNAM0003: Starting Naming Service
2023-11-20 11:49:51,834 INFO  [org.jboss.as.mail.extension] (MSC service thread 1-7) WFLYMAIL0001: Bound mail session [java:jboss/mail/Default]
2023-11-20 11:49:51,853 INFO  [org.jboss.remoting] (MSC service thread 1-8) JBoss Remoting version 4.0.21.Final
2023-11-20 11:49:51,943 INFO  [org.wildfly.extension.undertow] (ServerService Thread Pool -- 61) WFLYUT0014: Creating file handler for path 'C:\Users\RAD\Downloads\wildfly-10.1.0.Final\wildfly-10.1.0.Final/welcome-content' with options [directory-listing: 'false', follow-symlink: 'false', case-sensitive: 'true', safe-symlink-paths: '[]']
2023-11-20 11:49:51,949 INFO  [org.jboss.as.ejb3] (MSC service thread 1-8) WFLYEJB0482: Strict pool mdb-strict-max-pool is using a max instance size of 64 (per class), which is derived from the number of CPUs on this host.
2023-11-20 11:49:51,949 INFO  [org.jboss.as.ejb3] (MSC service thread 1-4) WFLYEJB0481: Strict pool slsb-strict-max-pool is using a max instance size of 256 (per class), which is derived from thread worker pool sizing.
2023-11-20 11:49:51,954 INFO  [org.wildfly.extension.undertow] (MSC service thread 1-8) WFLYUT0012: Started server default-server.
2023-11-20 11:49:51,959 INFO  [org.wildfly.extension.undertow] (MSC service thread 1-8) WFLYUT0018: Host default-host starting
2023-11-20 11:49:52,085 INFO  [org.wildfly.extension.undertow] (MSC service thread 1-2) WFLYUT0006: Undertow HTTP listener default listening on 127.0.0.1:8080
2023-11-20 11:49:52,164 INFO  [org.wildfly.extension.messaging-activemq] (MSC service thread 1-6) WFLYMSGAMQ0001: AIO wasn't located on this platform, it will fall back to using pure Java NIO.
2023-11-20 11:49:52,184 WARN  [org.jboss.as.domain.management.security] (MSC service thread 1-8) WFLYDM0111: Keystore C:\Users\RAD\Desktop\ENEL\ejb-example\ejb-remote\target\cargo\configurations\wildfly10x\configuration\application.keystore not found, it will be auto generated on first use with a self signed certificate for host localhost
2023-11-20 11:49:52,294 INFO  [org.jboss.as.server.deployment] (MSC service thread 1-1) WFLYSRV0027: Starting deployment of "cargocpc.war" (runtime-name: "cargocpc.war")
2023-11-20 11:49:52,317 INFO  [org.jboss.as.server.deployment.scanner] (MSC service thread 1-1) WFLYDS0013: Started FileSystemDeploymentService for directory C:\Users\RAD\Desktop\ENEL\ejb-example\ejb-remote\target\cargo\configurations\wildfly10x\deployments
2023-11-20 11:49:52,322 INFO  [org.jboss.as.connector.subsystems.datasources] (MSC service thread 1-1) WFLYJCA0001: Bound data source [java:jboss/datasources/ExampleDS]
2023-11-20 11:49:52,334 INFO  [org.apache.activemq.artemis.core.server] (ServerService Thread Pool -- 64) AMQ221000: live Message Broker is starting with configuration Broker Configuration (clustered=false,journalDirectory=C:\Users\RAD\Desktop\ENEL\ejb-example\ejb-remote\target\cargo\configurations\wildfly10x\data\activemq\journal,bindingsDirectory=C:\Users\RAD\Desktop\ENEL\ejb-example\ejb-remote\target\cargo\configurations\wildfly10x\data\activemq\bindings,largeMessagesDirectory=C:\Users\RAD\Desktop\ENEL\ejb-example\ejb-remote\target\cargo\configurations\wildfly10x\data\activemq\largemessages,pagingDirectory=C:\Users\RAD\Desktop\ENEL\ejb-example\ejb-remote\target\cargo\configurations\wildfly10x\data\activemq\paging)
2023-11-20 11:49:52,365 INFO  [org.apache.activemq.artemis.core.server] (ServerService Thread Pool -- 64) AMQ221013: Using NIO Journal
2023-11-20 11:49:52,496 INFO  [org.infinispan.factories.GlobalComponentRegistry] (MSC service thread 1-4) ISPN000128: Infinispan version: Infinispan 'Chakra' 8.2.4.Final
2023-11-20 11:49:52,503 INFO  [org.wildfly.extension.undertow] (MSC service thread 1-7) WFLYUT0006: Undertow HTTPS listener https listening on 127.0.0.1:8443
2023-11-20 11:49:52,524 INFO  [org.infinispan.configuration.cache.EvictionConfigurationBuilder] (ServerService Thread Pool -- 66) ISPN000152: Passivation configured without an eviction policy being selected. Only manually evicted entities will be passivated.
2023-11-20 11:49:52,524 INFO  [org.infinispan.configuration.cache.EvictionConfigurationBuilder] (ServerService Thread Pool -- 73) ISPN000152: Passivation configured without an eviction policy being selected. Only manually evicted entities will be passivated.
2023-11-20 11:49:52,524 INFO  [org.infinispan.configuration.cache.EvictionConfigurationBuilder] (ServerService Thread Pool -- 68) ISPN000152: Passivation configured without an eviction policy being selected. Only manually evicted entities will be passivated.
2023-11-20 11:49:52,525 INFO  [org.infinispan.configuration.cache.EvictionConfigurationBuilder] (ServerService Thread Pool -- 66) ISPN000152: Passivation configured without an eviction policy being selected. Only manually evicted entities will be passivated.
2023-11-20 11:49:52,527 INFO  [org.infinispan.configuration.cache.EvictionConfigurationBuilder] (ServerService Thread Pool -- 68) ISPN000152: Passivation configured without an eviction policy being selected. Only manually evicted entities will be passivated.
2023-11-20 11:49:52,531 INFO  [org.infinispan.configuration.cache.EvictionConfigurationBuilder] (ServerService Thread Pool -- 73) ISPN000152: Passivation configured without an eviction policy being selected. Only manually evicted entities will be passivated.
2023-11-20 11:49:52,606 INFO  [org.wildfly.iiop.openjdk] (MSC service thread 1-8) WFLYIIOP0009: CORBA ORB Service started
2023-11-20 11:49:52,611 INFO  [org.jboss.ws.common.management] (MSC service thread 1-5) JBWS022052: Starting JBossWS 5.1.5.Final (Apache CXF 3.1.6) 
2023-11-20 11:49:52,634 INFO  [org.apache.activemq.artemis.core.server] (ServerService Thread Pool -- 64) AMQ221043: Protocol module found: [artemis-server]. Adding protocol support for: CORE
2023-11-20 11:49:52,640 INFO  [org.apache.activemq.artemis.core.server] (ServerService Thread Pool -- 64) AMQ221043: Protocol module found: [artemis-amqp-protocol]. Adding protocol support for: AMQP
2023-11-20 11:49:52,650 INFO  [org.apache.activemq.artemis.core.server] (ServerService Thread Pool -- 64) AMQ221043: Protocol module found: [artemis-hornetq-protocol]. Adding protocol support for: HORNETQ
2023-11-20 11:49:52,652 INFO  [org.apache.activemq.artemis.core.server] (ServerService Thread Pool -- 64) AMQ221043: Protocol module found: [artemis-stomp-protocol]. Adding protocol support for: STOMP
2023-11-20 11:49:52,908 INFO  [org.wildfly.extension.messaging-activemq] (MSC service thread 1-5) WFLYMSGAMQ0016: Registered HTTP upgrade for activemq-remoting protocol handled by http-acceptor acceptor
2023-11-20 11:49:52,908 INFO  [org.wildfly.extension.messaging-activemq] (MSC service thread 1-7) WFLYMSGAMQ0016: Registered HTTP upgrade for activemq-remoting protocol handled by http-acceptor acceptor
2023-11-20 11:49:52,908 INFO  [org.wildfly.extension.messaging-activemq] (MSC service thread 1-1) WFLYMSGAMQ0016: Registered HTTP upgrade for activemq-remoting protocol handled by http-acceptor-throughput acceptor
2023-11-20 11:49:52,908 INFO  [org.wildfly.extension.messaging-activemq] (MSC service thread 1-4) WFLYMSGAMQ0016: Registered HTTP upgrade for activemq-remoting protocol handled by http-acceptor-throughput acceptor
2023-11-20 11:49:53,107 INFO  [org.apache.activemq.artemis.core.server] (ServerService Thread Pool -- 64) AMQ221007: Server is now live
2023-11-20 11:49:53,107 INFO  [org.apache.activemq.artemis.core.server] (ServerService Thread Pool -- 64) AMQ221001: Apache ActiveMQ Artemis Message Broker version 1.1.0.wildfly-017 [nodeID=88aedc53-8792-11ee-94e0-8fff645091c5] 
2023-11-20 11:49:53,130 INFO  [org.wildfly.extension.messaging-activemq] (ServerService Thread Pool -- 64) WFLYMSGAMQ0002: Bound messaging object to jndi name java:/ConnectionFactory
2023-11-20 11:49:53,150 INFO  [org.apache.activemq.artemis.core.server] (ServerService Thread Pool -- 66) AMQ221003: trying to deploy queue jms.queue.ExpiryQueue
2023-11-20 11:49:53,184 INFO  [org.apache.activemq.artemis.core.server] (ServerService Thread Pool -- 73) AMQ221003: trying to deploy queue jms.queue.DLQ
2023-11-20 11:49:53,187 INFO  [org.wildfly.extension.messaging-activemq] (ServerService Thread Pool -- 68) WFLYMSGAMQ0002: Bound messaging object to jndi name java:jboss/exported/jms/RemoteConnectionFactory
2023-11-20 11:49:53,196 INFO  [org.jboss.as.connector.deployment] (MSC service thread 1-7) WFLYJCA0007: Registered connection factory java:/JmsXA
2023-11-20 11:49:53,232 INFO  [org.apache.activemq.artemis.ra] (MSC service thread 1-7) Resource adaptor started
2023-11-20 11:49:53,233 INFO  [org.jboss.as.connector.services.resourceadapters.ResourceAdapterActivatorService$ResourceAdapterActivator] (MSC service thread 1-7) IJ020002: Deployed: file://RaActivatoractivemq-ra
2023-11-20 11:49:53,234 INFO  [org.jboss.as.connector.deployment] (MSC service thread 1-2) WFLYJCA0002: Bound JCA ConnectionFactory [java:/JmsXA]
2023-11-20 11:49:53,234 INFO  [org.wildfly.extension.messaging-activemq] (MSC service thread 1-8) WFLYMSGAMQ0002: Bound messaging object to jndi name java:jboss/DefaultJMSConnectionFactory
2023-11-20 11:49:53,385 INFO  [org.wildfly.extension.undertow] (ServerService Thread Pool -- 73) WFLYUT0021: Registered web context: /cargocpc
2023-11-20 11:49:53,415 INFO  [org.jboss.as.server] (ServerService Thread Pool -- 37) WFLYSRV0010: Deployed "cargocpc.war" (runtime-name : "cargocpc.war")
2023-11-20 11:49:53,574 INFO  [org.jboss.as] (Controller Boot Thread) WFLYSRV0060: Http management interface listening on http://127.0.0.1:9990/management
2023-11-20 11:49:53,574 INFO  [org.jboss.as] (Controller Boot Thread) WFLYSRV0051: Admin console listening on http://127.0.0.1:9990
2023-11-20 11:49:53,575 INFO  [org.jboss.as] (Controller Boot Thread) WFLYSRV0025: WildFly Full 10.1.0.Final (WildFly Core 2.2.0.Final) started in 3221ms - Started 443 of 692 services (419 services are lazy, passive or on-demand)
2023-11-20 11:50:30,657 INFO  [org.jboss.as.repository] (External Management Request Threads -- 5) WFLYDR0001: Content added at location C:\Users\RAD\Desktop\ENEL\ejb-example\ejb-remote\target\cargo\configurations\wildfly10x\content\55\b75638b9264a10ea306165e87372c741de98d5\content
2023-11-20 11:50:30,660 INFO  [org.jboss.as.server.deployment] (MSC service thread 1-3) WFLYSRV0027: Starting deployment of "ejb-remote-1.0-SNAPSHOT.jar" (runtime-name: "ejb-remote-1.0-SNAPSHOT.jar")
2023-11-20 11:50:30,715 INFO  [org.jboss.weld.deployer] (MSC service thread 1-6) WFLYWELD0003: Processing weld deployment ejb-remote-1.0-SNAPSHOT.jar
2023-11-20 11:50:30,752 INFO  [org.hibernate.validator.internal.util.Version] (MSC service thread 1-6) HV000001: Hibernate Validator 5.2.4.Final
2023-11-20 11:50:30,789 INFO  [org.jboss.as.ejb3.deployment] (MSC service thread 1-6) WFLYEJB0473: JNDI bindings for session bean named 'HelloStatefulWorld' in deployment unit 'deployment "ejb-remote-1.0-SNAPSHOT.jar"' are as follows:

	java:global/ejb-remote-1.0-SNAPSHOT/HelloStatefulWorld!test.interfaces.HelloStatefulWorld
	java:app/ejb-remote-1.0-SNAPSHOT/HelloStatefulWorld!test.interfaces.HelloStatefulWorld
	java:module/HelloStatefulWorld!test.interfaces.HelloStatefulWorld
	java:jboss/exported/ejb-remote-1.0-SNAPSHOT/HelloStatefulWorld!test.interfaces.HelloStatefulWorld
	java:global/ejb-remote-1.0-SNAPSHOT/HelloStatefulWorld
	java:app/ejb-remote-1.0-SNAPSHOT/HelloStatefulWorld
	java:module/HelloStatefulWorld

2023-11-20 11:50:30,789 INFO  [org.jboss.as.ejb3.deployment] (MSC service thread 1-6) WFLYEJB0473: JNDI bindings for session bean named 'HelloStatelessWorld' in deployment unit 'deployment "ejb-remote-1.0-SNAPSHOT.jar"' are as follows:

	java:global/ejb-remote-1.0-SNAPSHOT/HelloStatelessWorld!test.interfaces.HelloStatelessWorld
	java:app/ejb-remote-1.0-SNAPSHOT/HelloStatelessWorld!test.interfaces.HelloStatelessWorld
	java:module/HelloStatelessWorld!test.interfaces.HelloStatelessWorld
	java:jboss/exported/ejb-remote-1.0-SNAPSHOT/HelloStatelessWorld!test.interfaces.HelloStatelessWorld
	java:global/ejb-remote-1.0-SNAPSHOT/HelloStatelessWorld
	java:app/ejb-remote-1.0-SNAPSHOT/HelloStatelessWorld
	java:module/HelloStatelessWorld

2023-11-20 11:50:30,840 INFO  [org.infinispan.configuration.cache.EvictionConfigurationBuilder] (ServerService Thread Pool -- 76) ISPN000152: Passivation configured without an eviction policy being selected. Only manually evicted entities will be passivated.
2023-11-20 11:50:30,840 INFO  [org.infinispan.configuration.cache.EvictionConfigurationBuilder] (ServerService Thread Pool -- 76) ISPN000152: Passivation configured without an eviction policy being selected. Only manually evicted entities will be passivated.
2023-11-20 11:50:30,873 INFO  [org.jboss.weld.Version] (MSC service thread 1-8) WELD-000900: 2.3.5 (Final)
2023-11-20 11:50:31,077 INFO  [org.jboss.as.clustering.infinispan] (ServerService Thread Pool -- 76) WFLYCLINF0002: Started client-mappings cache from ejb container
2023-11-20 11:50:31,546 INFO  [org.jboss.as.server] (External Management Request Threads -- 5) WFLYSRV0010: Deployed "ejb-remote-1.0-SNAPSHOT.jar" (runtime-name : "ejb-remote-1.0-SNAPSHOT.jar")
2023-11-20 11:54:05,944 INFO  [org.jboss.ejb.client] (pool-1-thread-2) JBoss EJB Client version 2.1.4.Final
